Script started on 2026-06-21 18:54:03+00:00 [COMMAND="/usr/local/bin/bun expo start --port 8081 --tunnel" <not executed on terminal>]
[90menv: load .env.local[39m
[90menv: export EXPO_PUBLIC_BLINK_PROJECT_ID EXPO_PUBLIC_BLINK_PUBLISHABLE_KEY BLINK_SECRET_KEY[39m
[90mStarting project at /home/user[39m
[2mStarting Metro Bundler[22m
Tunnel connected.
Tunnel ready.
▄▄▄▄▄▄▄▄▄▄▄▄▄▄▄▄▄▄▄▄▄▄▄▄▄▄▄▄▄▄▄
█ ▄▄▄▄▄ █   █▄▄ ▄ ▄▄▀▄█ ▄▄▄▄▄ █
█ █   █ █ ▀▄ █▀  ▀▄▄▄ █ █   █ █
█ █▄▄▄█ █▀██▀▀ █▄▄▄▀▀██ █▄▄▄█ █
█▄▄▄▄▄▄▄█▄▀▄█ █▄█ ▀▄█ █▄▄▄▄▄▄▄█
█▄ ▀▀▄ ▄█▀▀▀▄▀▄ ▀ ▄▄▄▄▀▀▄▀ ▄  █
█▀▄█▄ █▄▄▄█▀ ▄ ▄ ▀ █▀▀ ▀  █▄  █
█ ▄▀▄ ▀▄▀▀█▄█▄ ▀ ▀ ▄█▄█▀ ▀▄█▀▀█
█▄█ ▄▀▀▄ ▀▀▀█▀█▀ ▄ █▀▄█▀█▄▄▄▀ █
█▀▀█▄  ▄█▀▀▄▄▀▄▄▀▀▄▄█▄▄▀▀▀▄█▀ █
███  █▀▄▄█▀▄ ▄ ▄▄▄ ▀▀▀ ▄ █▄▄█ █
█▄▄▄█▄█▄▄  ▀█▄ ▀ █  ▀ ▄▄▄ ▀▀▄▀█
█ ▄▄▄▄▄ █▀▄▀█▀█▀  ▀▄  █▄█  █▀▄█
█ █   █ █▄▀ ▄▀▄▄▀ ▄▀▄  ▄ ▄█▀▄▀█
█ █▄▄▄█ █▀ ▀ ▄ ▄    █ ▄█ █▀▄  █
█▄▄▄▄▄▄▄█▄▄▄█▄▄█▄▄▄██▄████▄█▄██

› Metro waiting on [4mexp://1vh0gz8-blinknew-8081.exp.direct[24m
› Scan the QR code above with Expo Go (Android) or the Camera app (iOS)

› Web is waiting on [4mhttp://localhost:8081[24m

› Using [36mExpo Go[39m
› Press [1ms[22m [2m│[22m switch to development build

› Press [1ma[22m [2m│[22m open Android
› Press [1mw[22m [2m│[22m open web

› Press [1mj[22m [2m│[22m open debugger
› Press [1mr[22m [2m│[22m reload app
› Press [1mm[22m [2m│[22m toggle menu
› [1mshift+m[22m [2m│[22m more tools
› Press [1mo[22m [2m│[22m open project code in your editor

› Press [1m?[22m [2m│[22m show all commands

Logs for your project will appear below.[2m Press Ctrl+C to exit.[22m
[1mWeb[22m [0m[2mnode_modules/expo-router/[22m[0m[1mentry.js[22m [47m[37m░░░░░░░░░░░░░░░░[39m[49m[1m  0.0% [22m[2m(0/1)[22m
[1mWeb[22m [0m[2mnode_modules/expo-router/[22m[0m[1mentry.js[22m [32m[42m▓▓▓▓▓▓▓▓▓▓▓▓▓[49m[39m[47m[37m░░░[39m[49m[1m 84.1% [22m[2m(2505/2732)[22m
[1mWeb[22m [0m[2mnode_modules/expo-router/[22m[0m[1mentry.js[22m [47m[37m░░░░░░░░░░░░░░░░[39m[49m[1m  0.0% [22m[2m(0/1)[22m
[32m[1mWeb[22m Bundled [39m[2m5321ms[22m[0m[2m node_modules/expo-router/entry.js (3079 modules)[22m[0m
[32m[1mWeb[22m Bundled [39m[2m5392ms[22m[0m[2m node_modules/expo-router/entry.js (1 module)[22m[0m
[7m[37m[1m LOG [22m[39m[27m [web] Logs will appear in the browser console
[1mWeb[22m [0m[2mnode_modules/expo-router/[22m[0m[1mentry.js[22m [47m[37m░░░░░░░░░░░░░░░░[39m[49m[1m  0.0% [22m[2m(0/1)[22m
[32m[1mWeb[22m Bundled [39m[2m177ms[22m[0m[2m node_modules/expo-router/entry.js (1 module)[22m[0m
[7m[37m[1m LOG [22m[39m[27m [web] Logs will appear in the browser console
[1mWeb[22m [0m[2mnode_modules/expo-router/[22m[0m[1mentry.js[22m [47m[37m░░░░░░░░░░░░░░░░[39m[49m[1m  0.0% [22m[2m(0/1)[22m
[32m[1mWeb[22m Bundled [39m[2m161ms[22m[0m[2m node_modules/expo-router/entry.js (1 module)[22m[0m
[7m[37m[1m LOG [22m[39m[27m [web] Logs will appear in the browser console
[1miOS[22m [0m[2mnode_modules/expo-router/[22m[0m[1mentry.js[22m [47m[37m░░░░░░░░░░░░░░░░[39m[49m[1m  0.0% [22m[2m(0/1)[22m
[1miOS[22m [0m[2mnode_modules/expo-router/[22m[0m[1mentry.js[22m [32m[42m▓▓▓▓[49m[39m[47m[37m░░░░░░░░░░░░[39m[49m[1m 25.0% [22m[2m( 88/242)[22m
[1miOS[22m [0m[2mnode_modules/expo-router/[22m[0m[1mentry.js[22m [32m[42m▓▓▓▓[49m[39m[47m[37m░░░░░░░░░░░░[39m[49m[1m 27.8% [22m[2m(272/516)[22m
[1miOS[22m [0m[2mnode_modules/expo-router/[22m[0m[1mentry.js[22m [32m[42m▓▓▓▓▓▓[49m[39m[47m[37m░░░░░░░░░░[39m[49m[1m 41.3% [22m[2m(473/736)[22m
[1miOS[22m [0m[2mnode_modules/expo-router/[22m[0m[1mentry.js[22m [32m[42m▓▓▓▓▓▓▓▓▓▓▓[49m[39m[47m[37m░░░░░[39m[49m[1m 70.9% [22m[2m(699/831)[22m
[1miOS[22m [0m[2mnode_modules/expo-router/[22m[0m[1mentry.js[22m [32m[42m▓▓▓▓▓▓▓▓▓▓▓[49m[39m[47m[37m░░░░░[39m[49m[1m 74.0% [22m[2m(819/952)[22m
[1miOS[22m [0m[2mnode_modules/expo-router/[22m[0m[1mentry.js[22m [32m[42m▓▓▓▓▓▓▓▓▓▓▓▓[49m[39m[47m[37m░░░░[39m[49m[1m 79.1% [22m[2m( 995/1150)[22m
[1miOS[22m [0m[2mnode_modules/expo-router/[22m[0m[1mentry.js[22m [32m[42m▓▓▓▓▓▓▓▓▓▓▓▓[49m[39m[47m[37m░░░░[39m[49m[1m 79.1% [22m[2m(1311/3067)[22m
[1miOS[22m [0m[2mnode_modules/expo-router/[22m[0m[1mentry.js[22m [32m[42m▓▓▓▓▓▓▓▓▓▓▓▓[49m[39m[47m[37m░░░░[39m[49m[1m 79.1% [22m[2m(1905/3067)[22m
[1miOS[22m [0m[2mnode_modules/expo-router/[22m[0m[1mentry.js[22m [32m[42m▓▓▓▓▓▓▓▓▓▓▓▓[49m[39m[47m[37m░░░░[39m[49m[1m 79.1% [22m[2m(2410/3067)[22m
[1miOS[22m [0m[2mnode_modules/expo-router/[22m[0m[1mentry.js[22m [32m[42m▓▓▓▓▓▓▓▓▓▓▓▓▓▓[49m[39m[47m[37m░░[39m[49m[1m 90.0% [22m[2m(2916/3101)[22m
[1miOS[22m [0m[2mnode_modules/expo-router/[22m[0m[1mentry.js[22m [32m[42m▓▓▓▓▓▓▓▓▓▓▓▓▓▓[49m[39m[47m[37m░░[39m[49m[1m 90.0% [22m[2m(3174/3368)[22m
[1miOS[22m [0m[2mnode_modules/expo-router/[22m[0m[1mentry.js[22m [32m[42m▓▓▓▓▓▓▓▓▓▓▓▓▓▓▓[49m[39m[47m[37m░[39m[49m[1m 98.8% [22m[2m(3455/3476)[22m
[32m[1miOS[22m Bundled [39m[2m45350ms[22m[0m[2m node_modules/expo-router/entry.js (3478 modules)[22m[0m
[7m[31m[1m ERROR [22m[39m[27m Query data cannot be undefined. Please make sure to return a value other than undefined from your query function. Affected query key: ["listings","featured"] 

[1mCall Stack[22m
[2m[90m  construct (<native>)[39m[22m
[2m[90m  apply (<native>)[39m[22m
[2m[90m  _construct (node_modules/@babel/runtime/helpers/construct.js:4:65)[39m[22m
[2m[90m  Wrapper (node_modules/@babel/runtime/helpers/wrapNativeSuper.js:15:23)[39m[22m
[2m[90m  construct (<native>)[39m[22m
[2m[90m  _callSuper (node_modules/@babel/runtime/helpers/callSuper.js:5:108)[39m[22m
[2m[90m  NamelessError (node_modules/@expo/metro-runtime/src/metroServerLogs.native.ts:102:20)[39m[22m
[2m[90m  captureCurrentStack (node_modules/@expo/metro-runtime/src/metroServerLogs.native.ts:106:27)[39m[22m
[2m[90m  HMRClient.log (node_modules/@expo/metro-runtime/src/metroServerLogs.native.ts:39:79)[39m[22m
[2m[90m  console.level (node_modules/react-native/Libraries/Core/setUpDeveloperTools.js:41:24)[39m[22m
[2m[90m  Query#fetch (node_modules/@tanstack/query-core/build/modern/query.js:294:24)[39m[22m
[2m[90m  next (<native>)[39m[22m
[2m[90m  asyncGeneratorStep (node_modules/@babel/runtime/helpers/asyncToGenerator.js:3:17)[39m[22m
[2m[90m  _next (node_modules/@babel/runtime/helpers/asyncToGenerator.js:17:27)[39m[22m
[2m[90m  tryCallOne (address at (InternalBytecode.js:1:1180)[39m[22m
[2m[90m  anonymous (address at (InternalBytecode.js:1:1874)[39m[22m
[7m[31m[1m ERROR [22m[39m[27m Query data cannot be undefined. Please make sure to return a value other than undefined from your query function. Affected query key: ["listings","explore",null,""] 

[1mCall Stack[22m
[2m[90m  construct (<native>)[39m[22m
[2m[90m  apply (<native>)[39m[22m
[2m[90m  _construct (node_modules/@babel/runtime/helpers/construct.js:4:65)[39m[22m
[2m[90m  Wrapper (node_modules/@babel/runtime/helpers/wrapNativeSuper.js:15:23)[39m[22m
[2m[90m  construct (<native>)[39m[22m
[2m[90m  _callSuper (node_modules/@babel/runtime/helpers/callSuper.js:5:108)[39m[22m
[2m[90m  NamelessError (node_modules/@expo/metro-runtime/src/metroServerLogs.native.ts:102:20)[39m[22m
[2m[90m  captureCurrentStack (node_modules/@expo/metro-runtime/src/metroServerLogs.native.ts:106:27)[39m[22m
[2m[90m  HMRClient.log (node_modules/@expo/metro-runtime/src/metroServerLogs.native.ts:39:79)[39m[22m
[2m[90m  console.level (node_modules/react-native/Libraries/Core/setUpDeveloperTools.js:41:24)[39m[22m
[2m[90m  Query#fetch (node_modules/@tanstack/query-core/build/modern/query.js:294:24)[39m[22m
[2m[90m  next (<native>)[39m[22m
[2m[90m  asyncGeneratorStep (node_modules/@babel/runtime/helpers/asyncToGenerator.js:3:17)[39m[22m
[2m[90m  _next (node_modules/@babel/runtime/helpers/asyncToGenerator.js:17:27)[39m[22m
[2m[90m  tryCallOne (address at (InternalBytecode.js:1:1180)[39m[22m
[2m[90m  anonymous (address at (InternalBytecode.js:1:1874)[39m[22m
[31mTunnel connection has been closed. This is often related to intermittent connection issues between the dev server and ngrok. Restart the dev server to try connecting to ngrok again.[39m[90m[39m
[90mCheck the Ngrok status page for outages: https://status.ngrok.com/[39m
Tunnel connected.
[1mWeb[22m [0m[2mnode_modules/expo-router/[22m[0m[1mentry.js[22m [47m[37m░░░░░░░░░░░░░░░░[39m[49m[1m  0.0% [22m[2m(0/1)[22m
[32m[1mWeb[22m Bundled [39m[2m180ms[22m[0m[2m node_modules/expo-router/entry.js (1 module)[22m[0m
[32m[1mWeb[22m Bundled [39m[2m206ms[22m[0m[2m node_modules/expo-router/entry.js (1 module)[22m[0m
[7m[37m[1m LOG [22m[39m[27m [web] Logs will appear in the browser console
